-------------------------------------------------------------------------------
Test set: controllers.ApplicationControllerFluentLeniumTest
-------------------------------------------------------------------------------
Tests run: 1, Failures: 0, Errors: 1, Skipped: 0, Time elapsed: 0.697 s <<< FAILURE! - in controllers.ApplicationControllerFluentLeniumTest
controllers.ApplicationControllerFluentLeniumTest.testThatHomepageWorks  Time elapsed: 0.697 s  <<< ERROR!
java.lang.RuntimeException: 
ninja.lifecycle.FailedStartException: org.flywaydb.core.internal.command.DbMigrate$FlywayMigrateException: Migration V1__.sql failed
-------------------------
SQL State  : 42601
Error Code : 0
Message    : ERROR: syntax error at or near "User"
  Position: 14
Location   : db/migration/V1__.sql (C:\Users\Adiii\Desktop\ninja\fmsapi\target\classes\db\migration\V1__.sql)
Line       : 15
Statement  : create table User (
    id bigint generated by default as identity,
    fullname varchar(255),
    isAdmin boolean not null,
    password varchar(255),
    username varchar(255),
    primary key (id)
)

	at ninja.utils.NinjaTestServer.<init>(NinjaTestServer.java:169)
	at ninja.utils.NinjaTestServer.<init>(NinjaTestServer.java:34)
	at ninja.utils.NinjaTestServer$Builder.build(NinjaTestServer.java:139)
	at ninja.NinjaFluentLeniumTest.startupServer(NinjaFluentLeniumTest.java:42)
	at java.base/jdk.internal.reflect.NativeMethodAccessorImpl.invoke0(Native Method)
	at java.base/jdk.internal.reflect.NativeMethodAccessorImpl.invoke(NativeMethodAccessorImpl.java:62)
	at java.base/jdk.internal.reflect.DelegatingMethodAccessorImpl.invoke(DelegatingMethodAccessorImpl.java:43)
	at java.base/java.lang.reflect.Method.invoke(Method.java:566)
	at org.junit.runners.model.FrameworkMethod$1.runReflectiveCall(FrameworkMethod.java:59)
	at org.junit.internal.runners.model.ReflectiveCallable.run(ReflectiveCallable.java:12)
	at org.junit.runners.model.FrameworkMethod.invokeExplosively(FrameworkMethod.java:56)
	at org.junit.internal.runners.statements.RunBefores.invokeMethod(RunBefores.java:33)
	at org.junit.internal.runners.statements.RunBefores.evaluate(RunBefores.java:24)
	at org.junit.internal.runners.statements.RunAfters.evaluate(RunAfters.java:27)
	at org.fluentlenium.adapter.junit.FluentTestRule$1.evaluate(FluentTestRule.java:45)
	at org.junit.runners.ParentRunner$3.evaluate(ParentRunner.java:306)
	at org.junit.runners.BlockJUnit4ClassRunner$1.evaluate(BlockJUnit4ClassRunner.java:100)
	at org.junit.runners.ParentRunner.runLeaf(ParentRunner.java:366)
	at org.junit.runners.BlockJUnit4ClassRunner.runChild(BlockJUnit4ClassRunner.java:103)
	at org.junit.runners.BlockJUnit4ClassRunner.runChild(BlockJUnit4ClassRunner.java:63)
	at org.junit.runners.ParentRunner$4.run(ParentRunner.java:331)
	at org.junit.runners.ParentRunner$1.schedule(ParentRunner.java:79)
	at org.junit.runners.ParentRunner.runChildren(ParentRunner.java:329)
	at org.junit.runners.ParentRunner.access$100(ParentRunner.java:66)
	at org.junit.runners.ParentRunner$2.evaluate(ParentRunner.java:293)
	at org.fluentlenium.adapter.junit.FluentTest$2.evaluate(FluentTest.java:53)
	at org.junit.rules.RunRules.evaluate(RunRules.java:20)
	at org.junit.runners.ParentRunner$3.evaluate(ParentRunner.java:306)
	at org.junit.runners.ParentRunner.run(ParentRunner.java:413)
	at org.apache.maven.surefire.junit4.JUnit4Provider.execute(JUnit4Provider.java:377)
	at org.apache.maven.surefire.junit4.JUnit4Provider.executeWithRerun(JUnit4Provider.java:284)
	at org.apache.maven.surefire.junit4.JUnit4Provider.executeTestSet(JUnit4Provider.java:248)
	at org.apache.maven.surefire.junit4.JUnit4Provider.invoke(JUnit4Provider.java:167)
	at org.apache.maven.surefire.booter.ForkedBooter.runSuitesInProcess(ForkedBooter.java:456)
	at org.apache.maven.surefire.booter.ForkedBooter.execute(ForkedBooter.java:169)
	at org.apache.maven.surefire.booter.ForkedBooter.run(ForkedBooter.java:595)
	at org.apache.maven.surefire.booter.ForkedBooter.main(ForkedBooter.java:581)
Caused by: ninja.lifecycle.FailedStartException: org.flywaydb.core.internal.command.DbMigrate$FlywayMigrateException: Migration V1__.sql failed
-------------------------
SQL State  : 42601
Error Code : 0
Message    : ERROR: syntax error at or near "User"
  Position: 14
Location   : db/migration/V1__.sql (C:\Users\Adiii\Desktop\ninja\fmsapi\target\classes\db\migration\V1__.sql)
Line       : 15
Statement  : create table User (
    id bigint generated by default as identity,
    fullname varchar(255),
    isAdmin boolean not null,
    password varchar(255),
    username varchar(255),
    primary key (id)
)

	at ninja.lifecycle.LifecycleRegister.invokeTarget(LifecycleRegister.java:103)
	at ninja.lifecycle.LifecycleRegister.start(LifecycleRegister.java:55)
	at ninja.lifecycle.LifecycleServiceImpl.start(LifecycleServiceImpl.java:84)
	at ninja.NinjaDefault.onFrameworkStart(NinjaDefault.java:159)
	at ninja.Bootstrap.boot(Bootstrap.java:129)
	at ninja.servlet.NinjaServletListener.createNinjaBootstrap(NinjaServletListener.java:165)
	at ninja.servlet.NinjaServletListener.getInjector(NinjaServletListener.java:135)
	at com.google.inject.servlet.GuiceServletContextListener.contextInitialized(GuiceServletContextListener.java:45)
	at ninja.servlet.NinjaServletListener.contextInitialized(NinjaServletListener.java:86)
	at org.eclipse.jetty.server.handler.ContextHandler.callContextInitialized(ContextHandler.java:1067)
	at org.eclipse.jetty.servlet.ServletContextHandler.callContextInitialized(ServletContextHandler.java:572)
	at org.eclipse.jetty.server.handler.ContextHandler.contextInitialized(ContextHandler.java:996)
	at org.eclipse.jetty.servlet.ServletHandler.initialize(ServletHandler.java:746)
	at org.eclipse.jetty.servlet.ServletContextHandler.startContext(ServletContextHandler.java:379)
	at org.eclipse.jetty.server.handler.ContextHandler.doStart(ContextHandler.java:910)
	at org.eclipse.jetty.servlet.ServletContextHandler.doStart(ServletContextHandler.java:288)
	at org.eclipse.jetty.util.component.AbstractLifeCycle.start(AbstractLifeCycle.java:73)
	at org.eclipse.jetty.util.component.ContainerLifeCycle.start(ContainerLifeCycle.java:169)
	at org.eclipse.jetty.server.Server.start(Server.java:423)
	at org.eclipse.jetty.util.component.ContainerLifeCycle.doStart(ContainerLifeCycle.java:110)
	at org.eclipse.jetty.server.handler.AbstractHandler.doStart(AbstractHandler.java:97)
	at org.eclipse.jetty.server.Server.doStart(Server.java:387)
	at org.eclipse.jetty.util.component.AbstractLifeCycle.start(AbstractLifeCycle.java:73)
	at ninja.standalone.NinjaJetty.doStart(NinjaJetty.java:171)
	at ninja.standalone.AbstractConsole.start(AbstractConsole.java:91)
	at ninja.standalone.AbstractConsole.start(AbstractConsole.java:35)
	at ninja.utils.NinjaTestServer.<init>(NinjaTestServer.java:167)
	... 36 more
Caused by: org.flywaydb.core.internal.command.DbMigrate$FlywayMigrateException: Migration V1__.sql failed
-------------------------
SQL State  : 42601
Error Code : 0
Message    : ERROR: syntax error at or near "User"
  Position: 14
Location   : db/migration/V1__.sql (C:\Users\Adiii\Desktop\ninja\fmsapi\target\classes\db\migration\V1__.sql)
Line       : 15
Statement  : create table User (
    id bigint generated by default as identity,
    fullname varchar(255),
    isAdmin boolean not null,
    password varchar(255),
    username varchar(255),
    primary key (id)
)

	at org.flywaydb.core.internal.command.DbMigrate.doMigrateGroup(DbMigrate.java:382)
	at org.flywaydb.core.internal.command.DbMigrate.lambda$applyMigrations$1(DbMigrate.java:272)
	at org.flywaydb.core.internal.jdbc.TransactionalExecutionTemplate.execute(TransactionalExecutionTemplate.java:55)
	at org.flywaydb.core.internal.command.DbMigrate.applyMigrations(DbMigrate.java:271)
	at org.flywaydb.core.internal.command.DbMigrate.migrateGroup(DbMigrate.java:244)
	at org.flywaydb.core.internal.command.DbMigrate.lambda$migrateAll$0(DbMigrate.java:138)
	at org.flywaydb.core.internal.database.postgresql.PostgreSQLAdvisoryLockTemplate.execute(PostgreSQLAdvisoryLockTemplate.java:69)
	at org.flywaydb.core.internal.database.postgresql.PostgreSQLConnection.lock(PostgreSQLConnection.java:99)
	at org.flywaydb.core.internal.schemahistory.JdbcTableSchemaHistory.lock(JdbcTableSchemaHistory.java:139)
	at org.flywaydb.core.internal.command.DbMigrate.migrateAll(DbMigrate.java:138)
	at org.flywaydb.core.internal.command.DbMigrate.migrate(DbMigrate.java:98)
	at org.flywaydb.core.Flyway$1.execute(Flyway.java:173)
	at org.flywaydb.core.Flyway$1.execute(Flyway.java:124)
	at org.flywaydb.core.FlywayExecutor.execute(FlywayExecutor.java:214)
	at org.flywaydb.core.Flyway.migrate(Flyway.java:124)
	at ninja.migrations.flyway.MigrationEngineFlyway.migrate(MigrationEngineFlyway.java:71)
	at ninja.migrations.MigrationInitializer.start(MigrationInitializer.java:59)
	at java.base/jdk.internal.reflect.NativeMethodAccessorImpl.invoke0(Native Method)
	at java.base/jdk.internal.reflect.NativeMethodAccessorImpl.invoke(NativeMethodAccessorImpl.java:62)
	at java.base/jdk.internal.reflect.DelegatingMethodAccessorImpl.invoke(DelegatingMethodAccessorImpl.java:43)
	at java.base/java.lang.reflect.Method.invoke(Method.java:566)
	at ninja.lifecycle.LifecycleRegister.invokeTarget(LifecycleRegister.java:96)
	... 62 more
Caused by: org.flywaydb.core.internal.sqlscript.FlywaySqlScriptException: Migration V1__.sql failed
-------------------------
SQL State  : 42601
Error Code : 0
Message    : ERROR: syntax error at or near "User"
  Position: 14
Location   : db/migration/V1__.sql (C:\Users\Adiii\Desktop\ninja\fmsapi\target\classes\db\migration\V1__.sql)
Line       : 15
Statement  : create table User (
    id bigint generated by default as identity,
    fullname varchar(255),
    isAdmin boolean not null,
    password varchar(255),
    username varchar(255),
    primary key (id)
)

	at org.flywaydb.core.internal.sqlscript.DefaultSqlScriptExecutor.handleException(DefaultSqlScriptExecutor.java:275)
	at org.flywaydb.core.internal.sqlscript.DefaultSqlScriptExecutor.executeStatement(DefaultSqlScriptExecutor.java:222)
	at org.flywaydb.core.internal.sqlscript.DefaultSqlScriptExecutor.execute(DefaultSqlScriptExecutor.java:126)
	at org.flywaydb.core.internal.resolver.sql.SqlMigrationExecutor.executeOnce(SqlMigrationExecutor.java:69)
	at org.flywaydb.core.internal.resolver.sql.SqlMigrationExecutor.lambda$execute$0(SqlMigrationExecutor.java:58)
	at org.flywaydb.core.internal.database.DefaultExecutionStrategy.execute(DefaultExecutionStrategy.java:27)
	at org.flywaydb.core.internal.resolver.sql.SqlMigrationExecutor.execute(SqlMigrationExecutor.java:57)
	at org.flywaydb.core.internal.command.DbMigrate.doMigrateGroup(DbMigrate.java:374)
	... 83 more
Caused by: org.postgresql.util.PSQLException: ERROR: syntax error at or near "User"
  Position: 14
	at org.postgresql.core.v3.QueryExecutorImpl.receiveErrorResponse(QueryExecutorImpl.java:2552)
	at org.postgresql.core.v3.QueryExecutorImpl.processResults(QueryExecutorImpl.java:2284)
	at org.postgresql.core.v3.QueryExecutorImpl.execute(QueryExecutorImpl.java:322)
	at org.postgresql.jdbc.PgStatement.executeInternal(PgStatement.java:481)
	at org.postgresql.jdbc.PgStatement.execute(PgStatement.java:401)
	at org.postgresql.jdbc.PgStatement.executeWithFlags(PgStatement.java:322)
	at org.postgresql.jdbc.PgStatement.executeCachedSql(PgStatement.java:308)
	at org.postgresql.jdbc.PgStatement.executeWithFlags(PgStatement.java:284)
	at org.postgresql.jdbc.PgStatement.execute(PgStatement.java:279)
	at org.flywaydb.core.internal.jdbc.JdbcTemplate.executeStatement(JdbcTemplate.java:201)
	at org.flywaydb.core.internal.sqlscript.ParsedSqlStatement.execute(ParsedSqlStatement.java:95)
	at org.flywaydb.core.internal.sqlscript.DefaultSqlScriptExecutor.executeStatement(DefaultSqlScriptExecutor.java:210)
	... 89 more

