<?xml version="1.0" encoding="UTF-8"?>
<testsuite xmlns:xsi="http://www.w3.org/2001/XMLSchema-instance" xsi:noNamespaceSchemaLocation="https://maven.apache.org/surefire/maven-surefire-plugin/xsd/surefire-test-report-3.0.xsd" version="3.0" name="controllers.ApiControllerTest" time="0.433" tests="2" errors="2" skipped="0" failures="0">
  <properties>
[...]
</properties>
  <testcase name="testGetAndPostArticleViaXml" classname="controllers.ApiControllerTest" time="0.219">
    <error message="ninja.lifecycle.FailedStartException: org.flywaydb.core.internal.command.DbMigrate$FlywayMigrateException: Migration V1__.sql failed&#10;-------------------------&#10;SQL State  : 42601&#10;Error Code : 0&#10;Message    : ERROR: syntax error at or near &quot;User&quot;&#10;  Position: 14&#10;Location   : db/migration/V1__.sql (C:\Users\Adiii\Desktop\ninja\fmsapi\target\classes\db\migration\V1__.sql)&#10;Line       : 15&#10;Statement  : create table User (&#10;    id bigint generated by default as identity,&#10;    fullname varchar(255),&#10;    isAdmin boolean not null,&#10;    password varchar(255),&#10;    username varchar(255),&#10;    primary key (id)&#10;)&#10;" type="java.lang.RuntimeException"><![CDATA[java.lang.RuntimeException: 
ninja.lifecycle.FailedStartException: org.flywaydb.core.internal.command.DbMigrate$FlywayMigrateException: Migration V1__.sql failed
-------------------------
SQL State  : 42601
Error Code : 0
Message    : ERROR: syntax error at or near "User"
  Position: 14
Location   : db/migration/V1__.sql (C:\Users\Adiii\Desktop\ninja\fmsapi\target\classes\db\migration\V1__.sql)
Line       : 15
Statement  : create table User (
    id bigint generated by default as identity,
    fullname varchar(255),
    isAdmin boolean not null,
    password varchar(255),
    username varchar(255),
    primary key (id)
)

	at ninja.utils.NinjaTestServer.<init>(NinjaTestServer.java:169)
	at ninja.utils.NinjaTestServer.<init>(NinjaTestServer.java:34)
	at ninja.utils.NinjaTestServer$Builder.build(NinjaTestServer.java:139)
	at ninja.NinjaTest.startupServerAndBrowser(NinjaTest.java:51)
	at java.base/jdk.internal.reflect.NativeMethodAccessorImpl.invoke0(Native Method)
	at java.base/jdk.internal.reflect.NativeMethodAccessorImpl.invoke(NativeMethodAccessorImpl.java:62)
	at java.base/jdk.internal.reflect.DelegatingMethodAccessorImpl.invoke(DelegatingMethodAccessorImpl.java:43)
	at java.base/java.lang.reflect.Method.invoke(Method.java:566)
	at org.junit.runners.model.FrameworkMethod$1.runReflectiveCall(FrameworkMethod.java:59)
	at org.junit.internal.runners.model.ReflectiveCallable.run(ReflectiveCallable.java:12)
	at org.junit.runners.model.FrameworkMethod.invokeExplosively(FrameworkMethod.java:56)
	at org.junit.internal.runners.statements.RunBefores.invokeMethod(RunBefores.java:33)
	at org.junit.internal.runners.statements.RunBefores.evaluate(RunBefores.java:24)
	at org.junit.internal.runners.statements.RunAfters.evaluate(RunAfters.java:27)
	at org.junit.runners.ParentRunner$3.evaluate(ParentRunner.java:306)
	at org.junit.runners.BlockJUnit4ClassRunner$1.evaluate(BlockJUnit4ClassRunner.java:100)
	at org.junit.runners.ParentRunner.runLeaf(ParentRunner.java:366)
	at org.junit.runners.BlockJUnit4ClassRunner.runChild(BlockJUnit4ClassRunner.java:103)
	at org.junit.runners.BlockJUnit4ClassRunner.runChild(BlockJUnit4ClassRunner.java:63)
	at org.junit.runners.ParentRunner$4.run(ParentRunner.java:331)
	at org.junit.runners.ParentRunner$1.schedule(ParentRunner.java:79)
	at org.junit.runners.ParentRunner.runChildren(ParentRunner.java:329)
	at org.junit.runners.ParentRunner.access$100(ParentRunner.java:66)
	at org.junit.runners.ParentRunner$2.evaluate(ParentRunner.java:293)
	at org.junit.runners.ParentRunner$3.evaluate(ParentRunner.java:306)
	at org.junit.runners.ParentRunner.run(ParentRunner.java:413)
	at org.apache.maven.surefire.junit4.JUnit4Provider.execute(JUnit4Provider.java:377)
	at org.apache.maven.surefire.junit4.JUnit4Provider.executeWithRerun(JUnit4Provider.java:284)
	at org.apache.maven.surefire.junit4.JUnit4Provider.executeTestSet(JUnit4Provider.java:248)
	at org.apache.maven.surefire.junit4.JUnit4Provider.invoke(JUnit4Provider.java:167)
	at org.apache.maven.surefire.booter.ForkedBooter.runSuitesInProcess(ForkedBooter.java:456)
	at org.apache.maven.surefire.booter.ForkedBooter.execute(ForkedBooter.java:169)
	at org.apache.maven.surefire.booter.ForkedBooter.run(ForkedBooter.java:595)
	at org.apache.maven.surefire.booter.ForkedBooter.main(ForkedBooter.java:581)
Caused by: ninja.lifecycle.FailedStartException: org.flywaydb.core.internal.command.DbMigrate$FlywayMigrateException: Migration V1__.sql failed
-------------------------
SQL State  : 42601
Error Code : 0
Message    : ERROR: syntax error at or near "User"
  Position: 14
Location   : db/migration/V1__.sql (C:\Users\Adiii\Desktop\ninja\fmsapi\target\classes\db\migration\V1__.sql)
Line       : 15
Statement  : create table User (
    id bigint generated by default as identity,
    fullname varchar(255),
    isAdmin boolean not null,
    password varchar(255),
    username varchar(255),
    primary key (id)
)

	at ninja.lifecycle.LifecycleRegister.invokeTarget(LifecycleRegister.java:103)
	at ninja.lifecycle.LifecycleRegister.start(LifecycleRegister.java:55)
	at ninja.lifecycle.LifecycleServiceImpl.start(LifecycleServiceImpl.java:84)
	at ninja.NinjaDefault.onFrameworkStart(NinjaDefault.java:159)
	at ninja.Bootstrap.boot(Bootstrap.java:129)
	at ninja.servlet.NinjaServletListener.createNinjaBootstrap(NinjaServletListener.java:165)
	at ninja.servlet.NinjaServletListener.getInjector(NinjaServletListener.java:135)
	at com.google.inject.servlet.GuiceServletContextListener.contextInitialized(GuiceServletContextListener.java:45)
	at ninja.servlet.NinjaServletListener.contextInitialized(NinjaServletListener.java:86)
	at org.eclipse.jetty.server.handler.ContextHandler.callContextInitialized(ContextHandler.java:1067)
	at org.eclipse.jetty.servlet.ServletContextHandler.callContextInitialized(ServletContextHandler.java:572)
	at org.eclipse.jetty.server.handler.ContextHandler.contextInitialized(ContextHandler.java:996)
	at org.eclipse.jetty.servlet.ServletHandler.initialize(ServletHandler.java:746)
	at org.eclipse.jetty.servlet.ServletContextHandler.startContext(ServletContextHandler.java:379)
	at org.eclipse.jetty.server.handler.ContextHandler.doStart(ContextHandler.java:910)
	at org.eclipse.jetty.servlet.ServletContextHandler.doStart(ServletContextHandler.java:288)
	at org.eclipse.jetty.util.component.AbstractLifeCycle.start(AbstractLifeCycle.java:73)
	at org.eclipse.jetty.util.component.ContainerLifeCycle.start(ContainerLifeCycle.java:169)
	at org.eclipse.jetty.server.Server.start(Server.java:423)
	at org.eclipse.jetty.util.component.ContainerLifeCycle.doStart(ContainerLifeCycle.java:110)
	at org.eclipse.jetty.server.handler.AbstractHandler.doStart(AbstractHandler.java:97)
	at org.eclipse.jetty.server.Server.doStart(Server.java:387)
	at org.eclipse.jetty.util.component.AbstractLifeCycle.start(AbstractLifeCycle.java:73)
	at ninja.standalone.NinjaJetty.doStart(NinjaJetty.java:171)
	at ninja.standalone.AbstractConsole.start(AbstractConsole.java:91)
	at ninja.standalone.AbstractConsole.start(AbstractConsole.java:35)
	at ninja.utils.NinjaTestServer.<init>(NinjaTestServer.java:167)
	... 33 more
Caused by: org.flywaydb.core.internal.command.DbMigrate$FlywayMigrateException: Migration V1__.sql failed
-------------------------
SQL State  : 42601
Error Code : 0
Message    : ERROR: syntax error at or near "User"
  Position: 14
Location   : db/migration/V1__.sql (C:\Users\Adiii\Desktop\ninja\fmsapi\target\classes\db\migration\V1__.sql)
Line       : 15
Statement  : create table User (
    id bigint generated by default as identity,
    fullname varchar(255),
    isAdmin boolean not null,
    password varchar(255),
    username varchar(255),
    primary key (id)
)

	at org.flywaydb.core.internal.command.DbMigrate.doMigrateGroup(DbMigrate.java:382)
	at org.flywaydb.core.internal.command.DbMigrate.lambda$applyMigrations$1(DbMigrate.java:272)
	at org.flywaydb.core.internal.jdbc.TransactionalExecutionTemplate.execute(TransactionalExecutionTemplate.java:55)
	at org.flywaydb.core.internal.command.DbMigrate.applyMigrations(DbMigrate.java:271)
	at org.flywaydb.core.internal.command.DbMigrate.migrateGroup(DbMigrate.java:244)
	at org.flywaydb.core.internal.command.DbMigrate.lambda$migrateAll$0(DbMigrate.java:138)
	at org.flywaydb.core.internal.database.postgresql.PostgreSQLAdvisoryLockTemplate.execute(PostgreSQLAdvisoryLockTemplate.java:69)
	at org.flywaydb.core.internal.database.postgresql.PostgreSQLConnection.lock(PostgreSQLConnection.java:99)
	at org.flywaydb.core.internal.schemahistory.JdbcTableSchemaHistory.lock(JdbcTableSchemaHistory.java:139)
	at org.flywaydb.core.internal.command.DbMigrate.migrateAll(DbMigrate.java:138)
	at org.flywaydb.core.internal.command.DbMigrate.migrate(DbMigrate.java:98)
	at org.flywaydb.core.Flyway$1.execute(Flyway.java:173)
	at org.flywaydb.core.Flyway$1.execute(Flyway.java:124)
	at org.flywaydb.core.FlywayExecutor.execute(FlywayExecutor.java:214)
	at org.flywaydb.core.Flyway.migrate(Flyway.java:124)
	at ninja.migrations.flyway.MigrationEngineFlyway.migrate(MigrationEngineFlyway.java:71)
	at ninja.migrations.MigrationInitializer.start(MigrationInitializer.java:59)
	at java.base/jdk.internal.reflect.NativeMethodAccessorImpl.invoke0(Native Method)
	at java.base/jdk.internal.reflect.NativeMethodAccessorImpl.invoke(NativeMethodAccessorImpl.java:62)
	at java.base/jdk.internal.reflect.DelegatingMethodAccessorImpl.invoke(DelegatingMethodAccessorImpl.java:43)
	at java.base/java.lang.reflect.Method.invoke(Method.java:566)
	at ninja.lifecycle.LifecycleRegister.invokeTarget(LifecycleRegister.java:96)
	... 59 more
Caused by: org.flywaydb.core.internal.sqlscript.FlywaySqlScriptException: Migration V1__.sql failed
-------------------------
SQL State  : 42601
Error Code : 0
Message    : ERROR: syntax error at or near "User"
  Position: 14
Location   : db/migration/V1__.sql (C:\Users\Adiii\Desktop\ninja\fmsapi\target\classes\db\migration\V1__.sql)
Line       : 15
Statement  : create table User (
    id bigint generated by default as identity,
    fullname varchar(255),
    isAdmin boolean not null,
    password varchar(255),
    username varchar(255),
    primary key (id)
)

	at org.flywaydb.core.internal.sqlscript.DefaultSqlScriptExecutor.handleException(DefaultSqlScriptExecutor.java:275)
	at org.flywaydb.core.internal.sqlscript.DefaultSqlScriptExecutor.executeStatement(DefaultSqlScriptExecutor.java:222)
	at org.flywaydb.core.internal.sqlscript.DefaultSqlScriptExecutor.execute(DefaultSqlScriptExecutor.java:126)
	at org.flywaydb.core.internal.resolver.sql.SqlMigrationExecutor.executeOnce(SqlMigrationExecutor.java:69)
	at org.flywaydb.core.internal.resolver.sql.SqlMigrationExecutor.lambda$execute$0(SqlMigrationExecutor.java:58)
	at org.flywaydb.core.internal.database.DefaultExecutionStrategy.execute(DefaultExecutionStrategy.java:27)
	at org.flywaydb.core.internal.resolver.sql.SqlMigrationExecutor.execute(SqlMigrationExecutor.java:57)
	at org.flywaydb.core.internal.command.DbMigrate.doMigrateGroup(DbMigrate.java:374)
	... 80 more
Caused by: org.postgresql.util.PSQLException: ERROR: syntax error at or near "User"
  Position: 14
	at org.postgresql.core.v3.QueryExecutorImpl.receiveErrorResponse(QueryExecutorImpl.java:2552)
	at org.postgresql.core.v3.QueryExecutorImpl.processResults(QueryExecutorImpl.java:2284)
	at org.postgresql.core.v3.QueryExecutorImpl.execute(QueryExecutorImpl.java:322)
	at org.postgresql.jdbc.PgStatement.executeInternal(PgStatement.java:481)
	at org.postgresql.jdbc.PgStatement.execute(PgStatement.java:401)
	at org.postgresql.jdbc.PgStatement.executeWithFlags(PgStatement.java:322)
	at org.postgresql.jdbc.PgStatement.executeCachedSql(PgStatement.java:308)
	at org.postgresql.jdbc.PgStatement.executeWithFlags(PgStatement.java:284)
	at org.postgresql.jdbc.PgStatement.execute(PgStatement.java:279)
	at org.flywaydb.core.internal.jdbc.JdbcTemplate.executeStatement(JdbcTemplate.java:201)
	at org.flywaydb.core.internal.sqlscript.ParsedSqlStatement.execute(ParsedSqlStatement.java:95)
	at org.flywaydb.core.internal.sqlscript.DefaultSqlScriptExecutor.executeStatement(DefaultSqlScriptExecutor.java:210)
	... 86 more
]]></error>
    <system-out><![CDATA[12:09:20.796 [main] INFO  ninja.utils.NinjaModeHelper - Ninja is running in mode prod
12:09:20.863 [main] WARN  o.e.j.server.handler.ContextHandler - Empty contextPath
12:09:20.865 [main] INFO  ninja.standalone.NinjaJetty - Trying to start jetty v9.4.44.v20210927 on <all>:1000, 8443/ssl
12:09:20.865 [main] INFO  org.eclipse.jetty.server.Server - jetty-9.4.44.v20210927; built: 2021-09-27T23:02:44.612Z; git: 8da83308eeca865e495e53ef315a249d63ba9332; jvm 11.0.18+9-LTS-195
12:09:20.866 [main] INFO  ninja.servlet.NinjaServletListener - Using JSR-356 websocket container ServerContainer@16ef07fa{STARTED}
12:09:20.867 [main] INFO  ninja.Bootstrap - Successfully configured Logback.
12:09:20.867 [main] INFO  ninja.Bootstrap - Enabling Ninja classic configuration
12:09:20.900 [main] INFO  ninja.utils.SwissKnife - Could not load file conf/messages_en.properties (not a bad thing necessarily, but I am returing null)
12:09:20.900 [main] INFO  ninja.i18n.MessagesImpl - Did not find conf/messages_en.properties but it was specified in application.conf. Using default language instead.
12:09:20.902 [main] INFO  n.template.TemplateEngineManagerImpl - -------------------------------------------------------------------
12:09:20.902 [main] INFO  n.template.TemplateEngineManagerImpl - Registered response template engines
12:09:20.902 [main] INFO  n.template.TemplateEngineManagerImpl - -------------------------------------------------------------------
12:09:20.902 [main] INFO  n.template.TemplateEngineManagerImpl - application/javascript  =>  ninja.template.TemplateEngineJsonP
12:09:20.902 [main] INFO  n.template.TemplateEngineManagerImpl - application/json        =>  ninja.template.TemplateEngineJson
12:09:20.902 [main] INFO  n.template.TemplateEngineManagerImpl - application/xml         =>  ninja.template.TemplateEngineXml
12:09:20.902 [main] INFO  n.template.TemplateEngineManagerImpl - text/html               =>  ninja.template.TemplateEngineFreemarker
12:09:20.902 [main] INFO  n.template.TemplateEngineManagerImpl - text/plain              =>  ninja.template.TemplateEngineText
12:09:20.902 [main] INFO  n.b.BodyParserEngineManagerImpl - -------------------------------------------------------------------------------------
12:09:20.902 [main] INFO  n.b.BodyParserEngineManagerImpl - Registered request bodyparser engines
12:09:20.902 [main] INFO  n.b.BodyParserEngineManagerImpl - -------------------------------------------------------------------------------------
12:09:20.902 [main] INFO  n.b.BodyParserEngineManagerImpl - application/json                   =>  ninja.bodyparser.BodyParserEngineJson
12:09:20.902 [main] INFO  n.b.BodyParserEngineManagerImpl - application/x-www-form-urlencoded  =>  ninja.bodyparser.BodyParserEnginePost
12:09:20.902 [main] INFO  n.b.BodyParserEngineManagerImpl - application/xml                    =>  ninja.bodyparser.BodyParserEngineXml
12:09:20.902 [main] INFO  n.b.BodyParserEngineManagerImpl - multipart/form-data                =>  ninja.bodyparser.BodyParserEngineMultipartPost
12:09:20.903 [main] INFO  ninja.Bootstrap - Ninja injector started in 36 ms.
12:09:20.907 [main] INFO  ninja.RouterImpl - ---------------------------------------------------------------------------
12:09:20.908 [main] INFO  ninja.RouterImpl - Registered routes
12:09:20.908 [main] INFO  ninja.RouterImpl - ---------------------------------------------------------------------------
12:09:20.908 [main] INFO  ninja.RouterImpl - GET  /setup                             =>  controllers.ApplicationController::setup
12:09:20.908 [main] INFO  ninja.RouterImpl - GET  /login                             =>  controllers.LoginLogoutController::login
12:09:20.908 [main] INFO  ninja.RouterImpl - POST /login                             =>  controllers.LoginLogoutController::loginPost
12:09:20.908 [main] INFO  ninja.RouterImpl - GET  /logout                            =>  controllers.LoginLogoutController::logout
12:09:20.908 [main] INFO  ninja.RouterImpl - GET  /article/new                       =>  controllers.ArticleController::articleNew
12:09:20.908 [main] INFO  ninja.RouterImpl - POST /article/new                       =>  controllers.ArticleController::articleNewPost
12:09:20.908 [main] INFO  ninja.RouterImpl - GET  /article/{id}                      =>  controllers.ArticleController::articleShow
12:09:20.908 [main] INFO  ninja.RouterImpl - GET  /api/{username}/articles.json      =>  controllers.ApiController::getArticlesJson
12:09:20.908 [main] INFO  ninja.RouterImpl - GET  /api/{username}/article/{id}.json  =>  controllers.ApiController::getArticleJson
12:09:20.908 [main] INFO  ninja.RouterImpl - GET  /api/{username}/articles.xml       =>  controllers.ApiController::getArticlesXml
12:09:20.908 [main] INFO  ninja.RouterImpl - POST /api/{username}/article.json       =>  controllers.ApiController::postArticleJson
12:09:20.908 [main] INFO  ninja.RouterImpl - POST /api/{username}/article.xml        =>  controllers.ApiController::postArticleXml
12:09:20.908 [main] INFO  ninja.RouterImpl - GET  /assets/webjars/{fileName: .*}     =>  ninja.AssetsController::serveWebJars
12:09:20.908 [main] INFO  ninja.RouterImpl - GET  /assets/{fileName: .*}             =>  ninja.AssetsController::serveStatic
12:09:20.908 [main] INFO  ninja.RouterImpl - GET  /.*                                =>  controllers.ApplicationController::index
12:09:20.908 [main] INFO  ninja.NinjaDefault - 
 _______  .___ _______        ____.  _____   
 \      \ |   |\      \      |    | /  _  \  
 /   |   \|   |/   |   \     |    |/  /_\  \ 
/    |    \   /    |    \/\__|    /    |    \  https://www.ninjaframework.org
\____|__  /___\____|__  /\________\____|__  /  @ninjaframework
     web\/framework   \/                  \/   6.9.0

12:09:20.908 [main] INFO  ninja.lifecycle.LifecycleServiceImpl - Starting Ninja application...
12:09:20.909 [main] INFO  n.migrations.MigrationEngineProvider - Using ninja.migrations.flyway.MigrationEngineFlyway as default implementation for ninja.migrations.MigrationEngine
12:09:20.939 [main] INFO  o.f.c.i.license.VersionPrinter - Flyway Community Edition 8.2.2 by Redgate
12:09:20.939 [main] INFO  o.f.c.i.d.base.BaseDatabaseType - Database: jdbc:postgresql://localhost:5432/fmsdb (PostgreSQL 13.10)
12:09:20.943 [main] INFO  o.f.core.internal.command.DbClean - Successfully dropped pre-schema database level objects (execution time 00:00.000s)
12:09:20.957 [main] INFO  o.f.core.internal.command.DbClean - Successfully cleaned schema "public" (execution time 00:00.012s)
12:09:20.963 [main] INFO  o.f.core.internal.command.DbClean - Successfully cleaned schema "public" (execution time 00:00.005s)
12:09:20.963 [main] INFO  o.f.core.internal.command.DbClean - Successfully dropped post-schema database level objects (execution time 00:00.000s)
12:09:20.989 [main] INFO  o.f.c.i.license.VersionPrinter - Flyway Community Edition 8.2.2 by Redgate
12:09:20.994 [main] INFO  o.f.core.internal.command.DbValidate - Successfully validated 2 migrations (execution time 00:00.002s)
12:09:20.997 [main] INFO  o.f.c.i.s.JdbcTableSchemaHistory - Creating Schema History table "public"."flyway_schema_history" ...
12:09:21.007 [main] INFO  o.f.core.internal.command.DbMigrate - Current version of schema "public": << Empty Schema >>
12:09:21.010 [main] INFO  o.f.core.internal.command.DbMigrate - Migrating schema "public" to version "1"
12:09:21.016 [main] ERROR o.f.core.internal.command.DbMigrate - Migration of schema "public" to version "1" failed! Changes successfully rolled back.
]]></system-out>
    <system-err><![CDATA[Mar 13, 2023 12:09:20 PM com.google.inject.servlet.GuiceFilter setPipeline
WARNING: Multiple Servlet injectors detected. This is a warning indicating that you have more than one GuiceFilter running in your web application. If this is deliberate, you may safely ignore this message. If this is NOT deliberate however, your application may not work as expected.
]]></system-err>
  </testcase>
  <testcase name="testGetAndPostArticleViaJson" classname="controllers.ApiControllerTest" time="0.214">
    <error message="ninja.lifecycle.FailedStartException: org.flywaydb.core.internal.command.DbMigrate$FlywayMigrateException: Migration V1__.sql failed&#10;-------------------------&#10;SQL State  : 42601&#10;Error Code : 0&#10;Message    : ERROR: syntax error at or near &quot;User&quot;&#10;  Position: 14&#10;Location   : db/migration/V1__.sql (C:\Users\Adiii\Desktop\ninja\fmsapi\target\classes\db\migration\V1__.sql)&#10;Line       : 15&#10;Statement  : create table User (&#10;    id bigint generated by default as identity,&#10;    fullname varchar(255),&#10;    isAdmin boolean not null,&#10;    password varchar(255),&#10;    username varchar(255),&#10;    primary key (id)&#10;)&#10;" type="java.lang.RuntimeException"><![CDATA[java.lang.RuntimeException: 
ninja.lifecycle.FailedStartException: org.flywaydb.core.internal.command.DbMigrate$FlywayMigrateException: Migration V1__.sql failed
-------------------------
SQL State  : 42601
Error Code : 0
Message    : ERROR: syntax error at or near "User"
  Position: 14
Location   : db/migration/V1__.sql (C:\Users\Adiii\Desktop\ninja\fmsapi\target\classes\db\migration\V1__.sql)
Line       : 15
Statement  : create table User (
    id bigint generated by default as identity,
    fullname varchar(255),
    isAdmin boolean not null,
    password varchar(255),
    username varchar(255),
    primary key (id)
)

	at ninja.utils.NinjaTestServer.<init>(NinjaTestServer.java:169)
	at ninja.utils.NinjaTestServer.<init>(NinjaTestServer.java:34)
	at ninja.utils.NinjaTestServer$Builder.build(NinjaTestServer.java:139)
	at ninja.NinjaTest.startupServerAndBrowser(NinjaTest.java:51)
	at java.base/jdk.internal.reflect.NativeMethodAccessorImpl.invoke0(Native Method)
	at java.base/jdk.internal.reflect.NativeMethodAccessorImpl.invoke(NativeMethodAccessorImpl.java:62)
	at java.base/jdk.internal.reflect.DelegatingMethodAccessorImpl.invoke(DelegatingMethodAccessorImpl.java:43)
	at java.base/java.lang.reflect.Method.invoke(Method.java:566)
	at org.junit.runners.model.FrameworkMethod$1.runReflectiveCall(FrameworkMethod.java:59)
	at org.junit.internal.runners.model.ReflectiveCallable.run(ReflectiveCallable.java:12)
	at org.junit.runners.model.FrameworkMethod.invokeExplosively(FrameworkMethod.java:56)
	at org.junit.internal.runners.statements.RunBefores.invokeMethod(RunBefores.java:33)
	at org.junit.internal.runners.statements.RunBefores.evaluate(RunBefores.java:24)
	at org.junit.internal.runners.statements.RunAfters.evaluate(RunAfters.java:27)
	at org.junit.runners.ParentRunner$3.evaluate(ParentRunner.java:306)
	at org.junit.runners.BlockJUnit4ClassRunner$1.evaluate(BlockJUnit4ClassRunner.java:100)
	at org.junit.runners.ParentRunner.runLeaf(ParentRunner.java:366)
	at org.junit.runners.BlockJUnit4ClassRunner.runChild(BlockJUnit4ClassRunner.java:103)
	at org.junit.runners.BlockJUnit4ClassRunner.runChild(BlockJUnit4ClassRunner.java:63)
	at org.junit.runners.ParentRunner$4.run(ParentRunner.java:331)
	at org.junit.runners.ParentRunner$1.schedule(ParentRunner.java:79)
	at org.junit.runners.ParentRunner.runChildren(ParentRunner.java:329)
	at org.junit.runners.ParentRunner.access$100(ParentRunner.java:66)
	at org.junit.runners.ParentRunner$2.evaluate(ParentRunner.java:293)
	at org.junit.runners.ParentRunner$3.evaluate(ParentRunner.java:306)
	at org.junit.runners.ParentRunner.run(ParentRunner.java:413)
	at org.apache.maven.surefire.junit4.JUnit4Provider.execute(JUnit4Provider.java:377)
	at org.apache.maven.surefire.junit4.JUnit4Provider.executeWithRerun(JUnit4Provider.java:284)
	at org.apache.maven.surefire.junit4.JUnit4Provider.executeTestSet(JUnit4Provider.java:248)
	at org.apache.maven.surefire.junit4.JUnit4Provider.invoke(JUnit4Provider.java:167)
	at org.apache.maven.surefire.booter.ForkedBooter.runSuitesInProcess(ForkedBooter.java:456)
	at org.apache.maven.surefire.booter.ForkedBooter.execute(ForkedBooter.java:169)
	at org.apache.maven.surefire.booter.ForkedBooter.run(ForkedBooter.java:595)
	at org.apache.maven.surefire.booter.ForkedBooter.main(ForkedBooter.java:581)
Caused by: ninja.lifecycle.FailedStartException: org.flywaydb.core.internal.command.DbMigrate$FlywayMigrateException: Migration V1__.sql failed
-------------------------
SQL State  : 42601
Error Code : 0
Message    : ERROR: syntax error at or near "User"
  Position: 14
Location   : db/migration/V1__.sql (C:\Users\Adiii\Desktop\ninja\fmsapi\target\classes\db\migration\V1__.sql)
Line       : 15
Statement  : create table User (
    id bigint generated by default as identity,
    fullname varchar(255),
    isAdmin boolean not null,
    password varchar(255),
    username varchar(255),
    primary key (id)
)

	at ninja.lifecycle.LifecycleRegister.invokeTarget(LifecycleRegister.java:103)
	at ninja.lifecycle.LifecycleRegister.start(LifecycleRegister.java:55)
	at ninja.lifecycle.LifecycleServiceImpl.start(LifecycleServiceImpl.java:84)
	at ninja.NinjaDefault.onFrameworkStart(NinjaDefault.java:159)
	at ninja.Bootstrap.boot(Bootstrap.java:129)
	at ninja.servlet.NinjaServletListener.createNinjaBootstrap(NinjaServletListener.java:165)
	at ninja.servlet.NinjaServletListener.getInjector(NinjaServletListener.java:135)
	at com.google.inject.servlet.GuiceServletContextListener.contextInitialized(GuiceServletContextListener.java:45)
	at ninja.servlet.NinjaServletListener.contextInitialized(NinjaServletListener.java:86)
	at org.eclipse.jetty.server.handler.ContextHandler.callContextInitialized(ContextHandler.java:1067)
	at org.eclipse.jetty.servlet.ServletContextHandler.callContextInitialized(ServletContextHandler.java:572)
	at org.eclipse.jetty.server.handler.ContextHandler.contextInitialized(ContextHandler.java:996)
	at org.eclipse.jetty.servlet.ServletHandler.initialize(ServletHandler.java:746)
	at org.eclipse.jetty.servlet.ServletContextHandler.startContext(ServletContextHandler.java:379)
	at org.eclipse.jetty.server.handler.ContextHandler.doStart(ContextHandler.java:910)
	at org.eclipse.jetty.servlet.ServletContextHandler.doStart(ServletContextHandler.java:288)
	at org.eclipse.jetty.util.component.AbstractLifeCycle.start(AbstractLifeCycle.java:73)
	at org.eclipse.jetty.util.component.ContainerLifeCycle.start(ContainerLifeCycle.java:169)
	at org.eclipse.jetty.server.Server.start(Server.java:423)
	at org.eclipse.jetty.util.component.ContainerLifeCycle.doStart(ContainerLifeCycle.java:110)
	at org.eclipse.jetty.server.handler.AbstractHandler.doStart(AbstractHandler.java:97)
	at org.eclipse.jetty.server.Server.doStart(Server.java:387)
	at org.eclipse.jetty.util.component.AbstractLifeCycle.start(AbstractLifeCycle.java:73)
	at ninja.standalone.NinjaJetty.doStart(NinjaJetty.java:171)
	at ninja.standalone.AbstractConsole.start(AbstractConsole.java:91)
	at ninja.standalone.AbstractConsole.start(AbstractConsole.java:35)
	at ninja.utils.NinjaTestServer.<init>(NinjaTestServer.java:167)
	... 33 more
Caused by: org.flywaydb.core.internal.command.DbMigrate$FlywayMigrateException: Migration V1__.sql failed
-------------------------
SQL State  : 42601
Error Code : 0
Message    : ERROR: syntax error at or near "User"
  Position: 14
Location   : db/migration/V1__.sql (C:\Users\Adiii\Desktop\ninja\fmsapi\target\classes\db\migration\V1__.sql)
Line       : 15
Statement  : create table User (
    id bigint generated by default as identity,
    fullname varchar(255),
    isAdmin boolean not null,
    password varchar(255),
    username varchar(255),
    primary key (id)
)

	at org.flywaydb.core.internal.command.DbMigrate.doMigrateGroup(DbMigrate.java:382)
	at org.flywaydb.core.internal.command.DbMigrate.lambda$applyMigrations$1(DbMigrate.java:272)
	at org.flywaydb.core.internal.jdbc.TransactionalExecutionTemplate.execute(TransactionalExecutionTemplate.java:55)
	at org.flywaydb.core.internal.command.DbMigrate.applyMigrations(DbMigrate.java:271)
	at org.flywaydb.core.internal.command.DbMigrate.migrateGroup(DbMigrate.java:244)
	at org.flywaydb.core.internal.command.DbMigrate.lambda$migrateAll$0(DbMigrate.java:138)
	at org.flywaydb.core.internal.database.postgresql.PostgreSQLAdvisoryLockTemplate.execute(PostgreSQLAdvisoryLockTemplate.java:69)
	at org.flywaydb.core.internal.database.postgresql.PostgreSQLConnection.lock(PostgreSQLConnection.java:99)
	at org.flywaydb.core.internal.schemahistory.JdbcTableSchemaHistory.lock(JdbcTableSchemaHistory.java:139)
	at org.flywaydb.core.internal.command.DbMigrate.migrateAll(DbMigrate.java:138)
	at org.flywaydb.core.internal.command.DbMigrate.migrate(DbMigrate.java:98)
	at org.flywaydb.core.Flyway$1.execute(Flyway.java:173)
	at org.flywaydb.core.Flyway$1.execute(Flyway.java:124)
	at org.flywaydb.core.FlywayExecutor.execute(FlywayExecutor.java:214)
	at org.flywaydb.core.Flyway.migrate(Flyway.java:124)
	at ninja.migrations.flyway.MigrationEngineFlyway.migrate(MigrationEngineFlyway.java:71)
	at ninja.migrations.MigrationInitializer.start(MigrationInitializer.java:59)
	at java.base/jdk.internal.reflect.NativeMethodAccessorImpl.invoke0(Native Method)
	at java.base/jdk.internal.reflect.NativeMethodAccessorImpl.invoke(NativeMethodAccessorImpl.java:62)
	at java.base/jdk.internal.reflect.DelegatingMethodAccessorImpl.invoke(DelegatingMethodAccessorImpl.java:43)
	at java.base/java.lang.reflect.Method.invoke(Method.java:566)
	at ninja.lifecycle.LifecycleRegister.invokeTarget(LifecycleRegister.java:96)
	... 59 more
Caused by: org.flywaydb.core.internal.sqlscript.FlywaySqlScriptException: Migration V1__.sql failed
-------------------------
SQL State  : 42601
Error Code : 0
Message    : ERROR: syntax error at or near "User"
  Position: 14
Location   : db/migration/V1__.sql (C:\Users\Adiii\Desktop\ninja\fmsapi\target\classes\db\migration\V1__.sql)
Line       : 15
Statement  : create table User (
    id bigint generated by default as identity,
    fullname varchar(255),
    isAdmin boolean not null,
    password varchar(255),
    username varchar(255),
    primary key (id)
)

	at org.flywaydb.core.internal.sqlscript.DefaultSqlScriptExecutor.handleException(DefaultSqlScriptExecutor.java:275)
	at org.flywaydb.core.internal.sqlscript.DefaultSqlScriptExecutor.executeStatement(DefaultSqlScriptExecutor.java:222)
	at org.flywaydb.core.internal.sqlscript.DefaultSqlScriptExecutor.execute(DefaultSqlScriptExecutor.java:126)
	at org.flywaydb.core.internal.resolver.sql.SqlMigrationExecutor.executeOnce(SqlMigrationExecutor.java:69)
	at org.flywaydb.core.internal.resolver.sql.SqlMigrationExecutor.lambda$execute$0(SqlMigrationExecutor.java:58)
	at org.flywaydb.core.internal.database.DefaultExecutionStrategy.execute(DefaultExecutionStrategy.java:27)
	at org.flywaydb.core.internal.resolver.sql.SqlMigrationExecutor.execute(SqlMigrationExecutor.java:57)
	at org.flywaydb.core.internal.command.DbMigrate.doMigrateGroup(DbMigrate.java:374)
	... 80 more
Caused by: org.postgresql.util.PSQLException: ERROR: syntax error at or near "User"
  Position: 14
	at org.postgresql.core.v3.QueryExecutorImpl.receiveErrorResponse(QueryExecutorImpl.java:2552)
	at org.postgresql.core.v3.QueryExecutorImpl.processResults(QueryExecutorImpl.java:2284)
	at org.postgresql.core.v3.QueryExecutorImpl.execute(QueryExecutorImpl.java:322)
	at org.postgresql.jdbc.PgStatement.executeInternal(PgStatement.java:481)
	at org.postgresql.jdbc.PgStatement.execute(PgStatement.java:401)
	at org.postgresql.jdbc.PgStatement.executeWithFlags(PgStatement.java:322)
	at org.postgresql.jdbc.PgStatement.executeCachedSql(PgStatement.java:308)
	at org.postgresql.jdbc.PgStatement.executeWithFlags(PgStatement.java:284)
	at org.postgresql.jdbc.PgStatement.execute(PgStatement.java:279)
	at org.flywaydb.core.internal.jdbc.JdbcTemplate.executeStatement(JdbcTemplate.java:201)
	at org.flywaydb.core.internal.sqlscript.ParsedSqlStatement.execute(ParsedSqlStatement.java:95)
	at org.flywaydb.core.internal.sqlscript.DefaultSqlScriptExecutor.executeStatement(DefaultSqlScriptExecutor.java:210)
	... 86 more
]]></error>
    <system-out><![CDATA[12:09:21.019 [main] INFO  ninja.utils.NinjaModeHelper - Ninja is running in mode prod
12:09:21.084 [main] WARN  o.e.j.server.handler.ContextHandler - Empty contextPath
12:09:21.086 [main] INFO  ninja.standalone.NinjaJetty - Trying to start jetty v9.4.44.v20210927 on <all>:1000, 8443/ssl
12:09:21.086 [main] INFO  org.eclipse.jetty.server.Server - jetty-9.4.44.v20210927; built: 2021-09-27T23:02:44.612Z; git: 8da83308eeca865e495e53ef315a249d63ba9332; jvm 11.0.18+9-LTS-195
12:09:21.087 [main] INFO  ninja.servlet.NinjaServletListener - Using JSR-356 websocket container ServerContainer@3da1191b{STARTED}
12:09:21.087 [main] INFO  ninja.Bootstrap - Successfully configured Logback.
12:09:21.087 [main] INFO  ninja.Bootstrap - Enabling Ninja classic configuration
12:09:21.105 [main] INFO  ninja.utils.SwissKnife - Could not load file conf/messages_en.properties (not a bad thing necessarily, but I am returing null)
12:09:21.105 [main] INFO  ninja.i18n.MessagesImpl - Did not find conf/messages_en.properties but it was specified in application.conf. Using default language instead.
12:09:21.106 [main] INFO  n.template.TemplateEngineManagerImpl - -------------------------------------------------------------------
12:09:21.106 [main] INFO  n.template.TemplateEngineManagerImpl - Registered response template engines
12:09:21.106 [main] INFO  n.template.TemplateEngineManagerImpl - -------------------------------------------------------------------
12:09:21.106 [main] INFO  n.template.TemplateEngineManagerImpl - application/javascript  =>  ninja.template.TemplateEngineJsonP
12:09:21.106 [main] INFO  n.template.TemplateEngineManagerImpl - application/json        =>  ninja.template.TemplateEngineJson
12:09:21.106 [main] INFO  n.template.TemplateEngineManagerImpl - application/xml         =>  ninja.template.TemplateEngineXml
12:09:21.106 [main] INFO  n.template.TemplateEngineManagerImpl - text/html               =>  ninja.template.TemplateEngineFreemarker
12:09:21.106 [main] INFO  n.template.TemplateEngineManagerImpl - text/plain              =>  ninja.template.TemplateEngineText
12:09:21.107 [main] INFO  n.b.BodyParserEngineManagerImpl - -------------------------------------------------------------------------------------
12:09:21.107 [main] INFO  n.b.BodyParserEngineManagerImpl - Registered request bodyparser engines
12:09:21.107 [main] INFO  n.b.BodyParserEngineManagerImpl - -------------------------------------------------------------------------------------
12:09:21.107 [main] INFO  n.b.BodyParserEngineManagerImpl - application/json                   =>  ninja.bodyparser.BodyParserEngineJson
12:09:21.107 [main] INFO  n.b.BodyParserEngineManagerImpl - application/x-www-form-urlencoded  =>  ninja.bodyparser.BodyParserEnginePost
12:09:21.107 [main] INFO  n.b.BodyParserEngineManagerImpl - application/xml                    =>  ninja.bodyparser.BodyParserEngineXml
12:09:21.107 [main] INFO  n.b.BodyParserEngineManagerImpl - multipart/form-data                =>  ninja.bodyparser.BodyParserEngineMultipartPost
12:09:21.107 [main] INFO  ninja.Bootstrap - Ninja injector started in 19 ms.
12:09:21.110 [main] INFO  ninja.RouterImpl - ---------------------------------------------------------------------------
12:09:21.110 [main] INFO  ninja.RouterImpl - Registered routes
12:09:21.110 [main] INFO  ninja.RouterImpl - ---------------------------------------------------------------------------
12:09:21.110 [main] INFO  ninja.RouterImpl - GET  /setup                             =>  controllers.ApplicationController::setup
12:09:21.110 [main] INFO  ninja.RouterImpl - GET  /login                             =>  controllers.LoginLogoutController::login
12:09:21.110 [main] INFO  ninja.RouterImpl - POST /login                             =>  controllers.LoginLogoutController::loginPost
12:09:21.110 [main] INFO  ninja.RouterImpl - GET  /logout                            =>  controllers.LoginLogoutController::logout
12:09:21.110 [main] INFO  ninja.RouterImpl - GET  /article/new                       =>  controllers.ArticleController::articleNew
12:09:21.110 [main] INFO  ninja.RouterImpl - POST /article/new                       =>  controllers.ArticleController::articleNewPost
12:09:21.110 [main] INFO  ninja.RouterImpl - GET  /article/{id}                      =>  controllers.ArticleController::articleShow
12:09:21.110 [main] INFO  ninja.RouterImpl - GET  /api/{username}/articles.json      =>  controllers.ApiController::getArticlesJson
12:09:21.110 [main] INFO  ninja.RouterImpl - GET  /api/{username}/article/{id}.json  =>  controllers.ApiController::getArticleJson
12:09:21.110 [main] INFO  ninja.RouterImpl - GET  /api/{username}/articles.xml       =>  controllers.ApiController::getArticlesXml
12:09:21.110 [main] INFO  ninja.RouterImpl - POST /api/{username}/article.json       =>  controllers.ApiController::postArticleJson
12:09:21.110 [main] INFO  ninja.RouterImpl - POST /api/{username}/article.xml        =>  controllers.ApiController::postArticleXml
12:09:21.110 [main] INFO  ninja.RouterImpl - GET  /assets/webjars/{fileName: .*}     =>  ninja.AssetsController::serveWebJars
12:09:21.110 [main] INFO  ninja.RouterImpl - GET  /assets/{fileName: .*}             =>  ninja.AssetsController::serveStatic
12:09:21.110 [main] INFO  ninja.RouterImpl - GET  /.*                                =>  controllers.ApplicationController::index
12:09:21.111 [main] INFO  ninja.NinjaDefault - 
 _______  .___ _______        ____.  _____   
 \      \ |   |\      \      |    | /  _  \  
 /   |   \|   |/   |   \     |    |/  /_\  \ 
/    |    \   /    |    \/\__|    /    |    \  https://www.ninjaframework.org
\____|__  /___\____|__  /\________\____|__  /  @ninjaframework
     web\/framework   \/                  \/   6.9.0

12:09:21.111 [main] INFO  ninja.lifecycle.LifecycleServiceImpl - Starting Ninja application...
12:09:21.111 [main] INFO  n.migrations.MigrationEngineProvider - Using ninja.migrations.flyway.MigrationEngineFlyway as default implementation for ninja.migrations.MigrationEngine
12:09:21.140 [main] INFO  o.f.c.i.license.VersionPrinter - Flyway Community Edition 8.2.2 by Redgate
12:09:21.140 [main] INFO  o.f.c.i.d.base.BaseDatabaseType - Database: jdbc:postgresql://localhost:5432/fmsdb (PostgreSQL 13.10)
12:09:21.143 [main] INFO  o.f.core.internal.command.DbClean - Successfully dropped pre-schema database level objects (execution time 00:00.000s)
12:09:21.157 [main] INFO  o.f.core.internal.command.DbClean - Successfully cleaned schema "public" (execution time 00:00.012s)
12:09:21.163 [main] INFO  o.f.core.internal.command.DbClean - Successfully cleaned schema "public" (execution time 00:00.005s)
12:09:21.163 [main] INFO  o.f.core.internal.command.DbClean - Successfully dropped post-schema database level objects (execution time 00:00.000s)
12:09:21.190 [main] INFO  o.f.c.i.license.VersionPrinter - Flyway Community Edition 8.2.2 by Redgate
12:09:21.194 [main] INFO  o.f.core.internal.command.DbValidate - Successfully validated 2 migrations (execution time 00:00.002s)
12:09:21.198 [main] INFO  o.f.c.i.s.JdbcTableSchemaHistory - Creating Schema History table "public"."flyway_schema_history" ...
12:09:21.207 [main] INFO  o.f.core.internal.command.DbMigrate - Current version of schema "public": << Empty Schema >>
12:09:21.209 [main] INFO  o.f.core.internal.command.DbMigrate - Migrating schema "public" to version "1"
12:09:21.216 [main] ERROR o.f.core.internal.command.DbMigrate - Migration of schema "public" to version "1" failed! Changes successfully rolled back.
]]></system-out>
    <system-err><![CDATA[Mar 13, 2023 12:09:21 PM com.google.inject.servlet.GuiceFilter setPipeline
WARNING: Multiple Servlet injectors detected. This is a warning indicating that you have more than one GuiceFilter running in your web application. If this is deliberate, you may safely ignore this message. If this is NOT deliberate however, your application may not work as expected.
]]></system-err>
  </testcase>
</testsuite>